<?xml version="1.0" encoding="UTF-8"?>
<!-- Generated by org.testng.reporters.JUnitXMLReporter -->
<testsuite ignored="0" hostname="LTIN184745" failures="0" tests="8" name="chrome test" time="169.948" errors="0" timestamp="2024-06-03T15:21:20 IST">
  <testcase classname="testCases.Main" name="testUserInfo" time="22.193"/>
  <testcase classname="testCases.Main" name="testHeaderList" time="118.187"/>
  <testcase classname="testCases.Main" name="testEthicsAndComplianceVisibility" time="2.266"/>
  <testcase classname="testCases.Main" name="testnavigation" time="1.115"/>
  <testcase classname="testCases.Main" name="testResourcesOrLinkValidity" time="2.44"/>
  <testcase classname="testCases.Main" name="testprintInformation" time="0.275"/>
  <testcase classname="testCases.Main" name="testPageInformationValidity" time="0.043"/>
  <testcase classname="testCases.Main" name="testPagetInformation" time="0.1"/>
</testsuite> <!-- chrome test -->
