<?xml version="1.0" encoding="UTF-8"?>
<!-- Generated by org.testng.reporters.JUnitXMLReporter -->
<testsuite ignored="0" hostname="LTIN184745" failures="0" tests="8" name="edge test" time="187.349" errors="0" timestamp="2024-06-03T15:18:29 IST">
  <testcase classname="testCases.Main" name="testUserInfo" time="22.272"/>
  <testcase classname="testCases.Main" name="testHeaderList" time="119.301"/>
  <testcase classname="testCases.Main" name="testEthicsAndComplianceVisibility" time="2.261"/>
  <testcase classname="testCases.Main" name="testnavigation" time="1.23"/>
  <testcase classname="testCases.Main" name="testResourcesOrLinkValidity" time="2.34"/>
  <testcase classname="testCases.Main" name="testprintInformation" time="0.27"/>
  <testcase classname="testCases.Main" name="testPageInformationValidity" time="0.04"/>
  <testcase classname="testCases.Main" name="testPagetInformation" time="0.099"/>
</testsuite> <!-- edge test -->
